<?xml version="1.0" encoding="UTF-8"?>
<!-- Generated by org.testng.reporters.JUnitReportReporter -->
<testsuite skipped="0" hostname="4077_Muthulakshmi" name="org.parameters.ClassA" tests="6" failures="0" timestamp="2 Jun 2022 16:38:37 GMT" time="0.099" errors="0">
  <testcase name="testA2" time="0.010" classname="org.parameters.ClassA"/>
  <testcase name="testA1" time="0.040" classname="org.parameters.ClassA"/>
  <testcase name="testA3" time="0.015" classname="org.parameters.ClassA"/>
  <testcase name="testA1" time="0.007" classname="org.parameters.ClassA"/>
  <testcase name="testA3" time="0.011" classname="org.parameters.ClassA"/>
  <testcase name="testA2" time="0.016" classname="org.parameters.ClassA"/>
</testsuite> <!-- org.parameters.ClassA -->
